<?xml version="1.0" encoding="UTF-8"?>
<testsuite name="com.Test.CourseAPI.CourseServiceTest" time="0.401" tests="8" errors="0" skipped="0" failures="0">
  <properties>
    <property name="java.runtime.name" value="Java(TM) SE Runtime Environment"/>
    <property name="sun.boot.library.path" value="E:\hadoop-2.7.2\jdk1.7.0_17\jre\bin"/>
    <property name="java.vm.version" value="23.7-b01"/>
    <property name="java.vm.vendor" value="Oracle Corporation"/>
    <property name="maven.multiModuleProjectDirectory" value="E:\Maven Projects\CourseAPI"/>
    <property name="java.vendor.url" value="http://java.oracle.com/"/>
    <property name="path.separator" value=";"/>
    <property name="guice.disable.misplaced.annotation.check" value="true"/>
    <property name="java.vm.name" value="Java HotSpot(TM) 64-Bit Server VM"/>
    <property name="file.encoding.pkg" value="sun.io"/>
    <property name="user.script" value=""/>
    <property name="user.country" value="US"/>
    <property name="sun.java.launcher" value="SUN_STANDARD"/>
    <property name="sun.os.patch.level" value="Service Pack 1"/>
    <property name="java.vm.specification.name" value="Java Virtual Machine Specification"/>
    <property name="user.dir" value="E:\Maven Projects\CourseAPI"/>
    <property name="java.runtime.version" value="1.7.0_17-b02"/>
    <property name="java.awt.graphicsenv" value="sun.awt.Win32GraphicsEnvironment"/>
    <property name="java.endorsed.dirs" value="E:\hadoop-2.7.2\jdk1.7.0_17\jre\lib\endorsed"/>
    <property name="os.arch" value="amd64"/>
    <property name="java.io.tmpdir" value="C:\Users\Sudhir\AppData\Local\Temp\"/>
    <property name="line.separator" value="&#10;"/>
    <property name="java.vm.specification.vendor" value="Oracle Corporation"/>
    <property name="user.variant" value=""/>
    <property name="os.name" value="Windows 7"/>
    <property name="classworlds.conf" value="E:\apache-maven-3.3.9\bin\..\bin\m2.conf"/>
    <property name="sun.jnu.encoding" value="Cp1252"/>
    <property name="java.library.path" value="E:\hadoop-2.7.2\jdk1.7.0_17\bin;C:\Windows\Sun\Java\bin;C:\Windows\system32;C:\Windows;C:\ProgramData\Oracle\Java\javapath;C:\oraclexe\app\oracle\product\10.2.0\server\bin;C:\Program Files\Common Files\Microsoft Shared\Windows Live;C:\Program Files (x86)\Common Files\Microsoft Shared\Windows Live;C:\Windows\system32;C:\Windows;C:\Windows\System32\Wbem;C:\Windows\System32\WindowsPowerShell\v1.0\;C:\Program Files\Dell\DW WLAN Card;c:\Program Files (x86)\ATI Technologies\ATI.ACE\Core-Static;c:\Program Files\WIDCOMM\Bluetooth Software\;c:\Program Files\WIDCOMM\Bluetooth Software\syswow64;C:\Program Files (x86)\Windows Live\Shared;C:\Program Files (x86)\Common Files\Roxio Shared\OEM\DLLShared\;C:\Program Files (x86)\Common Files\Roxio Shared\OEM\DLLShared\;C:\Program Files (x86)\Common Files\Roxio Shared\OEM\12.0\DLLShared\;C:\Program Files (x86)\Roxio\OEM\AudioCore\;C:\Program Files (x86)\Microsoft SQL Server\90\Tools\binn\;C:\Program Files\Microsoft\Web Platform Installer\;C:\Program Files (x86)\Microsoft ASP.NET\ASP.NET Web Pages\v1.0\;C:\Python27;E:\softwares\Dot\bin;C:\Program Files\R\R-3.2.1;C:\Users\Sudhir\Anaconda\Scripts;C:\Program Files (x86)\Skype\Phone\;C:\Program Files\MySQL\MySQL Workbench 6.3 CE;C:\Program Files\Microsoft Windows Performance Toolkit\;C:\cygwin64\bin;E:\apache-maven-3.3.9\bin;E:\hadoop-2.7.2;E:\softwares\cmake-3.5.0-win32-x86\bin;E:\hadoop-2.7.1\bin;C:\Program Files (x86)\scala\bin;C:\Users\Sudhir\Anaconda;C:\Users\Sudhir\Anaconda\Scripts;C:\Program Files\Java\jdk1.7.0_17\bin;C:\MinGW\bin;C:\Python27;E:\softwares\Dot\bin;C:\Program Files\R\R-3.2.1;C:\Users\Sudhir\Anaconda\Scripts;E:\apache-maven-3.3.9\bin;C:\ProgramData\Oracle\Java\javapath;C:\oraclexe\app\oracle\product\10.2.0\server\bin;C:\Program Files\Common Files\Microsoft Shared\Windows Live;C:\Program Files (x86)\Common Files\Microsoft Shared\Windows Live;C:\Windows\system32;C:\Windows;C:\Windows\System32\Wbem;C:\Windows\System32\WindowsPowerShell\v1.0\;C:\Program Files\Dell\DW WLAN Card;c:\Program Files (x86)\ATI Technologies\ATI.ACE\Core-Static;c:\Program Files\WIDCOMM\Bluetooth Software\;c:\Program Files\WIDCOMM\Bluetooth Software\syswow64;C:\Program Files (x86)\Windows Live\Shared;C:\Program Files (x86)\Common Files\Roxio Shared\OEM\DLLShared\;C:\Program Files (x86)\Common Files\Roxio Shared\OEM\DLLShared\;C:\Program Files (x86)\Common Files\Roxio Shared\OEM\12.0\DLLShared\;C:\Program Files (x86)\Roxio\OEM\AudioCore\;C:\Program Files (x86)\Microsoft SQL Server\90\Tools\binn\;C:\Program Files\Microsoft\Web Platform Installer\;C:\Program Files (x86)\Microsoft ASP.NET\ASP.NET Web Pages\v1.0\;C:\Python27;E:\softwares\Dot\bin;C:\Program Files\R\R-3.2.1;C:\Users\Sudhir\Anaconda\Scripts;C:\Program Files (x86)\Skype\Phone\;C:\Program Files\MySQL\MySQL Workbench 6.3 CE;C:\Program Files\Microsoft Windows Performance Toolkit\;C:\cygwin64\bin;E:\apache-maven-3.3.9\bin;E:\hadoop-2.7.2;E:\softwares\cmake-3.5.0-win32-x86\bin;E:\hadoop-2.7.1\bin;C:\Program Files (x86)\scala\bin;C:\Users\Sudhir\AppData\Local\Google\Cloud SDK\google-cloud-sdk\bin;C:\Program Files (x86)\Google\google_appengine\;C:\Program Files\MySQL\MySQL Workbench 6.3 CE;E:\hadoop-2.7.2;C:\cygwin64\bin;C:\Users\Sudhir\Anaconda\Lib\site-packages;."/>
    <property name="java.specification.name" value="Java Platform API Specification"/>
    <property name="java.class.version" value="51.0"/>
    <property name="sun.management.compiler" value="HotSpot 64-Bit Tiered Compilers"/>
    <property name="os.version" value="6.1"/>
    <property name="user.home" value="C:\Users\Sudhir"/>
    <property name="user.timezone" value="America/New_York"/>
    <property name="java.awt.printerjob" value="sun.awt.windows.WPrinterJob"/>
    <property name="java.specification.version" value="1.7"/>
    <property name="file.encoding" value="Cp1252"/>
    <property name="user.name" value="Sudhir"/>
    <property name="java.class.path" value="E:\apache-maven-3.3.9\bin\..\boot\plexus-classworlds-2.5.2.jar"/>
    <property name="java.vm.specification.version" value="1.7"/>
    <property name="sun.arch.data.model" value="64"/>
    <property name="java.home" value="E:\hadoop-2.7.2\jdk1.7.0_17\jre"/>
    <property name="sun.java.command" value="org.codehaus.plexus.classworlds.launcher.Launcher clean package"/>
    <property name="java.specification.vendor" value="Oracle Corporation"/>
    <property name="user.language" value="en"/>
    <property name="awt.toolkit" value="sun.awt.windows.WToolkit"/>
    <property name="java.vm.info" value="mixed mode"/>
    <property name="java.version" value="1.7.0_17"/>
    <property name="java.ext.dirs" value="E:\hadoop-2.7.2\jdk1.7.0_17\jre\lib\ext;C:\Windows\Sun\Java\lib\ext"/>
    <property name="sun.boot.class.path" value="E:\hadoop-2.7.2\jdk1.7.0_17\jre\lib\resources.jar;E:\hadoop-2.7.2\jdk1.7.0_17\jre\lib\rt.jar;E:\hadoop-2.7.2\jdk1.7.0_17\jre\lib\sunrsasign.jar;E:\hadoop-2.7.2\jdk1.7.0_17\jre\lib\jsse.jar;E:\hadoop-2.7.2\jdk1.7.0_17\jre\lib\jce.jar;E:\hadoop-2.7.2\jdk1.7.0_17\jre\lib\charsets.jar;E:\hadoop-2.7.2\jdk1.7.0_17\jre\lib\jfr.jar;E:\hadoop-2.7.2\jdk1.7.0_17\jre\classes"/>
    <property name="java.vendor" value="Oracle Corporation"/>
    <property name="maven.home" value="E:\apache-maven-3.3.9\bin\.."/>
    <property name="file.separator" value="\"/>
    <property name="java.vendor.url.bug" value="http://bugreport.sun.com/bugreport/"/>
    <property name="sun.cpu.endian" value="little"/>
    <property name="sun.io.unicode.encoding" value="UnicodeLittle"/>
    <property name="sun.desktop" value="windows"/>
    <property name="sun.cpu.isalist" value="amd64"/>
  </properties>
  <testcase name="testFindAll" classname="com.Test.CourseAPI.CourseServiceTest" time="0.252"/>
  <testcase name="updateNotFoundTest" classname="com.Test.CourseAPI.CourseServiceTest" time="0.007"/>
  <testcase name="createWithIdTest" classname="com.Test.CourseAPI.CourseServiceTest" time="0.01"/>
  <testcase name="findOneTest" classname="com.Test.CourseAPI.CourseServiceTest" time="0.044"/>
  <testcase name="updateTest" classname="com.Test.CourseAPI.CourseServiceTest" time="0.047"/>
  <testcase name="createTest" classname="com.Test.CourseAPI.CourseServiceTest" time="0.018"/>
  <testcase name="findOneNotFoundTest" classname="com.Test.CourseAPI.CourseServiceTest" time="0.002"/>
  <testcase name="deleteTest" classname="com.Test.CourseAPI.CourseServiceTest" time="0.021"/>
</testsuite>